Compiled jquery.js  (14ms)  (pid 18798)
Compiled jquery_ujs.js  (1ms)  (pid 18798)
Compiled pages.js  (1348ms)  (pid 18798)
Compiled application.js  (1499ms)  (pid 18798)
Compiled pages.css  (29ms)  (pid 18798)
Compiled application.css  (62ms)  (pid 18798)
Compiled jquery.js  (9ms)  (pid 18798)
Compiled jquery_ujs.js  (1ms)  (pid 18798)
Compiled pages.js  (511ms)  (pid 18798)
Compiled application.js  (612ms)  (pid 18798)
Compiled pages.css  (11ms)  (pid 18798)
Compiled application.css  (33ms)  (pid 18798)
Compiled jquery.js  (9ms)  (pid 18842)
Compiled jquery_ujs.js  (2ms)  (pid 18842)
Compiled pages.js  (327ms)  (pid 18842)
Compiled application.js  (415ms)  (pid 18842)
Compiled pages.css  (25ms)  (pid 18842)
Compiled application.css  (66ms)  (pid 18842)
Compiled jquery.js  (7ms)  (pid 18842)
Compiled jquery_ujs.js  (1ms)  (pid 18842)
Compiled pages.js  (352ms)  (pid 18842)
Compiled application.js  (443ms)  (pid 18842)
Compiled pages.css  (9ms)  (pid 18842)
Compiled application.css  (31ms)  (pid 18842)
Compiled jquery.js  (7ms)  (pid 1975)
Compiled jquery_ujs.js  (2ms)  (pid 1975)
Compiled pages.js  (912ms)  (pid 1975)
Compiled application.js  (1104ms)  (pid 1975)
Compiled pages.css  (22ms)  (pid 1975)
Compiled application.css  (85ms)  (pid 1975)
Compiled jquery.js  (7ms)  (pid 1975)
Compiled jquery_ujs.js  (1ms)  (pid 1975)
Compiled pages.js  (268ms)  (pid 1975)
Compiled application.js  (392ms)  (pid 1975)
Compiled pages.css  (10ms)  (pid 1975)
Compiled application.css  (30ms)  (pid 1975)
